Vivado Simulator 2016.2
Copyright 1986-1999, 2001-2016 Xilinx, Inc. All Rights Reserved.
Running: /opt/Xilinx/Vivado/2016.2/bin/unwrapped/lnx64.o/xelab -wto 426ae4ba922749efa0c50381d78f039e --debug typical --relax --mt 8 -L xil_defaultlib -L secureip --snapshot test_main_controller_distributed_ff_behav xil_defaultlib.test_main_controller_distributed_ff -log elaborate.log 
Using 8 slave threads.
Starting static elaboration
Completed static elaboration
Starting simulation data flow analysis
Completed simulation data flow analysis
Time Resolution for simulation is 1ps
Compiling package std.standard
Compiling package ieee.std_logic_1164
Compiling package ieee.numeric_std
Compiling package xil_defaultlib.utility
Compiling package ieee.std_logic_arith
Compiling package ieee.std_logic_unsigned
Compiling architecture version1 of entity xil_defaultlib.sigmoid [sigmoid_default]
Compiling architecture version1 of entity xil_defaultlib.feedforward_dataflow [\feedforward_dataflow(nb_hidden_...]
Compiling architecture version1 of entity xil_defaultlib.feedforward_controller [\feedforward_controller(nb_featu...]
Compiling architecture version1 of entity xil_defaultlib.AXIS_controller [\AXIS_controller(nb_features=4,n...]
Compiling architecture imp_lfsr_counter of entity xil_defaultlib.lfsr_counter [lfsr_counter_default]
Compiling architecture version1 of entity xil_defaultlib.weights_generator [\weights_generator(nb_features=4...]
Compiling architecture version1 of entity xil_defaultlib.prediction [\prediction(nb_output_nodes=3)\]
Compiling architecture implementation of entity xil_defaultlib.main_controller [\main_controller(nb_features=4,n...]
Compiling architecture behavioral of entity xil_defaultlib.test_main_controller_distributed...
Built simulation snapshot test_main_controller_distributed_ff_behav
